2025-07-02 11:31:13 - INFO - Initialization complete.
2025-07-02 13:02:04 - INFO - Initialization complete.
2025-07-02 13:21:20 - INFO - Initialization complete.
2025-07-02 13:21:34 - INFO - Send request button clicked.
2025-07-02 13:21:34 - INFO - User entered track: hot and cold
2025-07-02 13:24:21 - INFO - Initialization complete.
2025-07-02 13:24:26 - INFO - Send request button clicked.
2025-07-02 13:24:26 - INFO - User entered track: hot and cold
2025-07-02 13:24:26 - INFO - Displaying recommendations.
2025-07-02 13:24:45 - INFO - Send request button clicked.
2025-07-02 13:24:45 - INFO - User entered track: samba pati
2025-07-02 13:24:45 - INFO - Displaying recommendations.
2025-07-02 13:25:18 - INFO - Initialization complete.
2025-07-02 13:25:23 - INFO - Send request button clicked.
2025-07-02 13:25:23 - INFO - User entered track: hot and cold
2025-07-02 13:25:23 - INFO - Displaying recommendations.
2025-07-02 13:25:30 - INFO - Send request button clicked.
2025-07-02 13:25:30 - INFO - User entered track: cry
2025-07-02 13:25:30 - INFO - Displaying recommendations.
2025-07-02 13:28:19 - INFO - Initialization complete.
2025-07-02 13:33:48 - INFO - Initialization complete.
2025-07-02 13:34:17 - INFO - Initialization complete.
2025-07-02 13:35:42 - INFO - Initialization complete.
2025-07-02 13:35:46 - INFO - Send request button clicked.
2025-07-02 13:35:46 - INFO - User entered track: cry
2025-07-02 13:35:46 - INFO - Displaying recommendations.
2025-07-02 13:35:55 - INFO - Send request button clicked.
2025-07-02 13:35:55 - INFO - User entered track: RAINBOW
2025-07-02 13:35:55 - ERROR - Error occurred: No similar tracks found.
2025-07-02 13:36:01 - INFO - Send request button clicked.
2025-07-02 13:36:01 - INFO - User entered track: rainbow
2025-07-02 13:36:01 - ERROR - Error occurred: No similar tracks found.
2025-07-02 13:36:15 - INFO - Send request button clicked.
2025-07-02 13:36:15 - INFO - User entered track: wap
2025-07-02 13:36:15 - ERROR - Error occurred: No similar tracks found.
2025-07-02 13:36:19 - INFO - Send request button clicked.
2025-07-02 13:36:19 - INFO - User entered track: wap
2025-07-02 13:36:20 - ERROR - Error occurred: No similar tracks found.
2025-07-02 13:36:25 - INFO - Send request button clicked.
2025-07-02 13:36:25 - INFO - User entered track: WAP
2025-07-02 13:36:25 - ERROR - Error occurred: No similar tracks found.
2025-07-02 13:36:55 - INFO - Send request button clicked.
2025-07-02 13:36:55 - INFO - User entered track: WAP
2025-07-02 13:36:56 - INFO - Send request button clicked.
2025-07-02 13:36:56 - INFO - User entered track: WAP
2025-07-02 13:37:07 - INFO - Initialization complete.
2025-07-02 13:37:12 - INFO - Send request button clicked.
2025-07-02 13:37:12 - INFO - User entered track: cupid shuffle
2025-07-02 13:37:12 - INFO - Displaying recommendations.
2025-07-02 13:37:42 - INFO - Send request button clicked.
2025-07-02 13:37:42 - INFO - User entered track: cupid shuffle
2025-07-02 13:37:42 - INFO - Displaying recommendations.
2025-07-02 13:37:58 - INFO - Send request button clicked.
2025-07-02 13:37:58 - INFO - User entered track: wap
2025-07-02 13:37:59 - ERROR - Error occurred: No similar tracks found.
2025-07-02 13:38:14 - INFO - Send request button clicked.
2025-07-02 13:38:14 - INFO - User entered track: kill this love
2025-07-02 13:38:14 - ERROR - Error occurred: No similar tracks found.
2025-07-02 13:38:15 - INFO - Send request button clicked.
2025-07-02 13:38:15 - INFO - User entered track: kill this love
2025-07-02 13:38:15 - INFO - Send request button clicked.
2025-07-02 13:38:15 - INFO - User entered track: kill this love
2025-07-02 13:38:16 - INFO - Send request button clicked.
2025-07-02 13:38:16 - INFO - User entered track: kill this love
2025-07-02 13:38:38 - INFO - Initialization complete.
2025-07-02 13:38:40 - INFO - Send request button clicked.
2025-07-02 13:38:40 - INFO - User entered track: Kill This Love
2025-07-02 13:38:40 - ERROR - Error occurred: No similar tracks found.
2025-07-02 13:42:12 - INFO - Initialization complete.
2025-07-02 13:42:17 - INFO - Send request button clicked.
2025-07-02 13:42:17 - INFO - User entered track: hot and cold
2025-07-02 13:42:18 - ERROR - Error occurred: finished(QString) only accepts 1 argument(s), 3 given!
2025-07-02 13:43:11 - INFO - Initialization complete.
2025-07-02 13:43:15 - INFO - Send request button clicked.
2025-07-02 13:43:15 - INFO - User entered track: hot and cold
2025-07-02 13:43:15 - INFO - Displaying recommendations.
2025-07-02 13:44:15 - INFO - Initialization complete.
2025-07-02 13:44:21 - INFO - Send request button clicked.
2025-07-02 13:44:21 - INFO - User entered track: kill this love
2025-07-02 13:44:21 - ERROR - Error occurred: No similar tracks found.
2025-07-02 13:45:10 - INFO - Initialization complete.
2025-07-02 13:45:15 - INFO - Send request button clicked.
2025-07-02 13:45:15 - INFO - User entered track: pee pee poo poo
2025-07-02 13:45:16 - INFO - Displaying recommendations.
2025-07-02 13:45:22 - INFO - Send request button clicked.
2025-07-02 13:45:22 - INFO - User entered track: asdfasdfasd
2025-07-02 13:45:22 - ERROR - Error occurred: No similar tracks found.
2025-07-02 20:57:37 - INFO - Initialization complete.
2025-07-02 20:58:16 - INFO - Send request button clicked.
2025-07-02 20:58:16 - INFO - User entered track: just
